[2020-10-21 15:01:03] app.INFO: Protect vendor folder in module contactform [] []
[2020-10-21 15:01:03] app.INFO: Module contactform has no vendor folder [] []
[2020-10-21 15:01:03] app.INFO: Protect vendor folder in module dashactivity [] []
[2020-10-21 15:01:03] app.INFO: Module dashactivity has no vendor folder [] []
[2020-10-21 15:01:03] app.INFO: Protect vendor folder in module dashtrends [] []
[2020-10-21 15:01:03] app.INFO: Module dashtrends has no vendor folder [] []
[2020-10-21 15:01:03] app.INFO: Protect vendor folder in module dashgoals [] []
[2020-10-21 15:01:03] app.INFO: Module dashgoals has no vendor folder [] []
[2020-10-21 15:01:03] app.INFO: Protect vendor folder in module dashproducts [] []
[2020-10-21 15:01:03] app.INFO: Module dashproducts has no vendor folder [] []
[2020-10-21 15:01:03] app.INFO: Protect vendor folder in module graphnvd3 [] []
[2020-10-21 15:01:03] app.INFO: Module graphnvd3 has no vendor folder [] []
[2020-10-21 15:01:03] app.INFO: Protect vendor folder in module gridhtml [] []
[2020-10-21 15:01:03] app.INFO: Module gridhtml has no vendor folder [] []
[2020-10-21 15:01:03] app.INFO: Protect vendor folder in module gsitemap [] []
[2020-10-21 15:01:03] app.INFO: Module gsitemap has no vendor folder [] []
[2020-10-21 15:01:03] app.INFO: Protect vendor folder in module ps_banner [] []
[2020-10-21 15:01:03] app.INFO: Module ps_banner has no vendor folder [] []
[2020-10-21 15:01:03] app.INFO: Protect vendor folder in module ps_categorytree [] []
[2020-10-21 15:01:03] app.INFO: Module ps_categorytree has no vendor folder [] []
[2020-10-21 15:01:03] app.INFO: Protect vendor folder in module ps_checkpayment [] []
[2020-10-21 15:01:03] app.INFO: Module ps_checkpayment has no vendor folder [] []
[2020-10-21 15:01:03] app.INFO: Protect vendor folder in module ps_contactinfo [] []
[2020-10-21 15:01:03] app.INFO: Module ps_contactinfo has no vendor folder [] []
[2020-10-21 15:01:03] app.INFO: Protect vendor folder in module ps_currencyselector [] []
[2020-10-21 15:01:03] app.INFO: Module ps_currencyselector has no vendor folder [] []
[2020-10-21 15:01:03] app.INFO: Protect vendor folder in module ps_customeraccountlinks [] []
[2020-10-21 15:01:03] app.INFO: Module ps_customeraccountlinks has no vendor folder [] []
[2020-10-21 15:01:03] app.INFO: Protect vendor folder in module ps_customersignin [] []
[2020-10-21 15:01:03] app.INFO: Module ps_customersignin has no vendor folder [] []
[2020-10-21 15:01:03] app.INFO: Protect vendor folder in module ps_customtext [] []
[2020-10-21 15:01:03] app.INFO: Module ps_customtext has no vendor folder [] []
[2020-10-21 15:01:03] app.INFO: Protect vendor folder in module ps_emailsubscription [] []
[2020-10-21 15:01:03] app.INFO: Module ps_emailsubscription has no vendor folder [] []
[2020-10-21 15:01:04] app.INFO: Protect vendor folder in module ps_facetedsearch [] []
[2020-10-21 15:01:04] app.INFO: Module ps_facetedsearch has no vendor folder [] []
[2020-10-21 15:01:04] app.INFO: Protect vendor folder in module ps_faviconnotificationbo [] []
[2020-10-21 15:01:04] app.INFO: Module ps_faviconnotificationbo has no vendor folder [] []
[2020-10-21 15:01:04] app.INFO: Protect vendor folder in module ps_featuredproducts [] []
[2020-10-21 15:01:04] app.INFO: Module ps_featuredproducts has no vendor folder [] []
[2020-10-21 15:01:04] app.INFO: Protect vendor folder in module ps_imageslider [] []
[2020-10-21 15:01:04] app.INFO: Module ps_imageslider has no vendor folder [] []
[2020-10-21 15:01:04] app.INFO: Protect vendor folder in module ps_languageselector [] []
[2020-10-21 15:01:04] app.INFO: Module ps_languageselector has no vendor folder [] []
[2020-10-21 15:01:04] app.INFO: Protect vendor folder in module ps_linklist [] []
[2020-10-21 15:01:04] app.INFO: Module ps_linklist has no vendor folder [] []
[2020-10-21 15:01:04] app.ERROR: Class "AdminLinkWidgetController" not found in controllers/admin [] []
[2020-10-21 15:01:04] app.INFO: Protect vendor folder in module ps_mainmenu [] []
[2020-10-21 15:01:04] app.INFO: Module ps_mainmenu has no vendor folder [] []
[2020-10-21 15:01:04] app.INFO: Protect vendor folder in module ps_searchbar [] []
[2020-10-21 15:01:04] app.INFO: Module ps_searchbar has no vendor folder [] []
[2020-10-21 15:01:04] app.INFO: Protect vendor folder in module ps_sharebuttons [] []
[2020-10-21 15:01:04] app.INFO: Module ps_sharebuttons has no vendor folder [] []
[2020-10-21 15:01:04] app.INFO: Protect vendor folder in module ps_shoppingcart [] []
[2020-10-21 15:01:04] app.INFO: Module ps_shoppingcart has no vendor folder [] []
[2020-10-21 15:01:04] app.INFO: Protect vendor folder in module ps_socialfollow [] []
[2020-10-21 15:01:04] app.INFO: Module ps_socialfollow has no vendor folder [] []
[2020-10-21 15:01:04] app.INFO: Protect vendor folder in module ps_themecusto [] []
[2020-10-21 15:01:04] app.INFO: Module ps_themecusto has no vendor folder [] []
[2020-10-21 15:01:04] app.INFO: Protect vendor folder in module ps_wirepayment [] []
[2020-10-21 15:01:04] app.INFO: Module ps_wirepayment has no vendor folder [] []
[2020-10-21 15:01:04] app.INFO: Protect vendor folder in module pagesnotfound [] []
[2020-10-21 15:01:04] app.INFO: Module pagesnotfound has no vendor folder [] []
[2020-10-21 15:01:04] app.INFO: Protect vendor folder in module sekeywords [] []
[2020-10-21 15:01:04] app.INFO: Module sekeywords has no vendor folder [] []
[2020-10-21 15:01:04] app.INFO: Protect vendor folder in module statsbestcategories [] []
[2020-10-21 15:01:04] app.INFO: Module statsbestcategories has no vendor folder [] []
[2020-10-21 15:01:04] app.INFO: Protect vendor folder in module statsbestcustomers [] []
[2020-10-21 15:01:04] app.INFO: Module statsbestcustomers has no vendor folder [] []
[2020-10-21 15:01:04] app.INFO: Protect vendor folder in module statsbestproducts [] []
[2020-10-21 15:01:04] app.INFO: Module statsbestproducts has no vendor folder [] []
[2020-10-21 15:01:04] app.INFO: Protect vendor folder in module statsbestsuppliers [] []
[2020-10-21 15:01:04] app.INFO: Module statsbestsuppliers has no vendor folder [] []
[2020-10-21 15:01:04] app.INFO: Protect vendor folder in module statsbestvouchers [] []
[2020-10-21 15:01:04] app.INFO: Module statsbestvouchers has no vendor folder [] []
[2020-10-21 15:01:04] app.INFO: Protect vendor folder in module statscarrier [] []
[2020-10-21 15:01:04] app.INFO: Module statscarrier has no vendor folder [] []
[2020-10-21 15:01:04] app.INFO: Protect vendor folder in module statscatalog [] []
[2020-10-21 15:01:04] app.INFO: Module statscatalog has no vendor folder [] []
[2020-10-21 15:01:04] app.INFO: Protect vendor folder in module statscheckup [] []
[2020-10-21 15:01:04] app.INFO: Module statscheckup has no vendor folder [] []
[2020-10-21 15:01:04] app.INFO: Protect vendor folder in module statsdata [] []
[2020-10-21 15:01:04] app.INFO: Module statsdata has no vendor folder [] []
[2020-10-21 15:01:04] app.INFO: Protect vendor folder in module statsequipment [] []
[2020-10-21 15:01:04] app.INFO: Module statsequipment has no vendor folder [] []
[2020-10-21 15:01:04] app.INFO: Protect vendor folder in module statsforecast [] []
[2020-10-21 15:01:04] app.INFO: Module statsforecast has no vendor folder [] []
[2020-10-21 15:01:04] app.INFO: Protect vendor folder in module statslive [] []
[2020-10-21 15:01:04] app.INFO: Module statslive has no vendor folder [] []
[2020-10-21 15:01:04] app.INFO: Protect vendor folder in module statsnewsletter [] []
[2020-10-21 15:01:04] app.INFO: Module statsnewsletter has no vendor folder [] []
[2020-10-21 15:01:05] app.INFO: Protect vendor folder in module statsorigin [] []
[2020-10-21 15:01:05] app.INFO: Module statsorigin has no vendor folder [] []
[2020-10-21 15:01:05] app.INFO: Protect vendor folder in module statspersonalinfos [] []
[2020-10-21 15:01:05] app.INFO: Module statspersonalinfos has no vendor folder [] []
[2020-10-21 15:01:05] app.INFO: Protect vendor folder in module statsproduct [] []
[2020-10-21 15:01:05] app.INFO: Module statsproduct has no vendor folder [] []
[2020-10-21 15:01:05] app.INFO: Protect vendor folder in module statsregistrations [] []
[2020-10-21 15:01:05] app.INFO: Module statsregistrations has no vendor folder [] []
[2020-10-21 15:01:05] app.INFO: Protect vendor folder in module statssales [] []
[2020-10-21 15:01:05] app.INFO: Module statssales has no vendor folder [] []
[2020-10-21 15:01:05] app.INFO: Protect vendor folder in module statssearch [] []
[2020-10-21 15:01:05] app.INFO: Module statssearch has no vendor folder [] []
[2020-10-21 15:01:05] app.INFO: Protect vendor folder in module statsstock [] []
[2020-10-21 15:01:05] app.INFO: Module statsstock has no vendor folder [] []
[2020-10-21 15:01:05] app.INFO: Protect vendor folder in module statsvisits [] []
[2020-10-21 15:01:05] app.INFO: Module statsvisits has no vendor folder [] []
[2020-10-21 15:01:05] app.INFO: Protect vendor folder in module welcome [] []
[2020-10-21 15:01:06] app.INFO: Exporting mail with theme modern for language Polski (Polish) [] []
[2020-10-21 15:01:06] app.INFO: Core output folder: /var/www/html/prestashop/mails [] []
[2020-10-21 15:01:06] app.INFO: Modules output folder: /var/www/html/prestashop/modules/ [] []
[2020-10-22 18:32:21] request.INFO: Matched route "admin_module_manage". {"route":"admin_module_manage","route_parameters":{"category":null,"keyword":null,"_controller":"PrestaShopBundle\\Controller\\Admin\\Improve\\ModuleController::manageAction","_legacy_controller":"AdminModulesManage","_legacy_link":["AdminModulesManage","AdminModulesSf"],"_route":"admin_module_manage"},"request_uri":"http://localhost/prestashop/admin026bqejd0/index.php/improve/modules/manage?_token=csBjYK4-YOdFiFeS6oMmoxX2-f_TqDh6tk9QALNjqBQ","method":"GET"} []
[2020-10-22 18:32:21] security.DEBUG: Read existing security token from the session. {"key":"_security_main","token_class":"Symfony\\Component\\Security\\Core\\Authentication\\Token\\UsernamePasswordToken"} []
[2020-10-22 18:32:21] security.DEBUG: User was reloaded from a user provider. {"provider":"PrestaShopBundle\\Security\\Admin\\EmployeeProvider","username":"weronika.piotrowska.pl@gmail.com"} []
[2020-10-22 18:32:25] app.ERROR: Data from PrestaShop Addons is invalid, and cannot fallback on cache.  {"exception":"Client error response [url] https://api-addons.prestashop.com?format=json&iso_lang=pl&iso_code=PL&version=1.7.6.8&shop_url=http%3A%2F%2Flocalhost&method=listing&action=customer&username=weronika.piotrowska.pl%40gmail.com&password=matibob333 [status code] 400 [reason phrase] Bad Request"} []
[2020-10-22 18:32:26] security.DEBUG: Stored the security token in the session. {"key":"_security_main"} []
[2020-10-22 18:32:28] request.INFO: Matched route "admin_module_notification_count". {"route":"admin_module_notification_count","route_parameters":{"_controller":"PrestaShopBundle\\Controller\\Admin\\Improve\\Modules\\AlertsController::notificationsCountAction","_legacy_controller":"AdminModulesNotifications","_legacy_link":"AdminModulesNotifications:count","_route":"admin_module_notification_count"},"request_uri":"http://localhost/prestashop/admin026bqejd0/index.php/improve/modules/alerts/count?_token=csBjYK4-YOdFiFeS6oMmoxX2-f_TqDh6tk9QALNjqBQ","method":"GET"} []
[2020-10-22 18:32:28] security.DEBUG: Read existing security token from the session. {"key":"_security_main","token_class":"Symfony\\Component\\Security\\Core\\Authentication\\Token\\UsernamePasswordToken"} []
[2020-10-22 18:32:28] security.DEBUG: User was reloaded from a user provider. {"provider":"PrestaShopBundle\\Security\\Admin\\EmployeeProvider","username":"weronika.piotrowska.pl@gmail.com"} []
[2020-10-22 18:32:28] app.ERROR: Data from PrestaShop Addons is invalid, and cannot fallback on cache.  {"exception":"Client error response [url] https://api-addons.prestashop.com?format=json&iso_lang=pl&iso_code=PL&version=1.7.6.8&shop_url=http%3A%2F%2Flocalhost&method=listing&action=customer&username=weronika.piotrowska.pl%40gmail.com&password=matibob333 [status code] 400 [reason phrase] Bad Request"} []
[2020-10-22 18:32:28] security.DEBUG: Stored the security token in the session. {"key":"_security_main"} []
[2020-10-22 18:32:40] request.INFO: Matched route "admin_module_notification_count". {"route":"admin_module_notification_count","route_parameters":{"_controller":"PrestaShopBundle\\Controller\\Admin\\Improve\\Modules\\AlertsController::notificationsCountAction","_legacy_controller":"AdminModulesNotifications","_legacy_link":"AdminModulesNotifications:count","_route":"admin_module_notification_count"},"request_uri":"http://localhost/prestashop/admin026bqejd0/index.php/improve/modules/alerts/count?_token=csBjYK4-YOdFiFeS6oMmoxX2-f_TqDh6tk9QALNjqBQ","method":"GET"} []
[2020-10-22 18:32:40] security.DEBUG: Read existing security token from the session. {"key":"_security_main","token_class":"Symfony\\Component\\Security\\Core\\Authentication\\Token\\UsernamePasswordToken"} []
[2020-10-22 18:32:40] security.DEBUG: User was reloaded from a user provider. {"provider":"PrestaShopBundle\\Security\\Admin\\EmployeeProvider","username":"weronika.piotrowska.pl@gmail.com"} []
[2020-10-22 18:32:40] app.ERROR: Data from PrestaShop Addons is invalid, and cannot fallback on cache.  {"exception":"Client error response [url] https://api-addons.prestashop.com?format=json&iso_lang=pl&iso_code=PL&version=1.7.6.8&shop_url=http%3A%2F%2Flocalhost&method=listing&action=customer&username=weronika.piotrowska.pl%40gmail.com&password=matibob333 [status code] 400 [reason phrase] Bad Request"} []
[2020-10-22 18:32:40] security.DEBUG: Stored the security token in the session. {"key":"_security_main"} []
[2020-10-22 18:32:40] request.INFO: Matched route "admin_module_catalog_refresh". {"route":"admin_module_catalog_refresh","route_parameters":{"category":null,"keyword":null,"_controller":"PrestaShopBundle\\Controller\\Admin\\Improve\\ModuleController::refreshCatalogAction","_legacy_controller":"AdminModulesCatalog","_legacy_link":"AdminModulesCatalog:refresh","_route":"admin_module_catalog_refresh"},"request_uri":"http://localhost/prestashop/admin026bqejd0/index.php/improve/modules/catalog/refresh?_token=csBjYK4-YOdFiFeS6oMmoxX2-f_TqDh6tk9QALNjqBQ","method":"GET"} []
[2020-10-22 18:32:40] security.DEBUG: Read existing security token from the session. {"key":"_security_main","token_class":"Symfony\\Component\\Security\\Core\\Authentication\\Token\\UsernamePasswordToken"} []
[2020-10-22 18:32:40] security.DEBUG: User was reloaded from a user provider. {"provider":"PrestaShopBundle\\Security\\Admin\\EmployeeProvider","username":"weronika.piotrowska.pl@gmail.com"} []
[2020-10-22 18:32:40] app.ERROR: Data from PrestaShop Addons is invalid, and cannot fallback on cache.  {"exception":"Client error response [url] https://api-addons.prestashop.com?format=json&iso_lang=pl&iso_code=PL&version=1.7.6.8&shop_url=http%3A%2F%2Flocalhost&method=listing&action=customer&username=weronika.piotrowska.pl%40gmail.com&password=matibob333 [status code] 400 [reason phrase] Bad Request"} []
[2020-10-22 18:32:41] security.DEBUG: Stored the security token in the session. {"key":"_security_main"} []
[2020-10-27 19:01:41] request.CRITICAL: Uncaught PHP Exception Symfony\Component\Debug\Exception\ClassNotFoundException: "Attempted to load class "CacheStorage" from namespace "GuzzleHttp\Subscriber\Cache". Did you forget a "use" statement for another namespace?" at /var/www/html/prestashop/modules/psaddonsconnect/src/WeekAdvice.php line 68 {"exception":"[object] (Symfony\\Component\\Debug\\Exception\\ClassNotFoundException(code: 0): Attempted to load class \"CacheStorage\" from namespace \"GuzzleHttp\\Subscriber\\Cache\".\nDid you forget a \"use\" statement for another namespace? at /var/www/html/prestashop/modules/psaddonsconnect/src/WeekAdvice.php:68)"} []
[2020-10-27 19:01:45] request.CRITICAL: Uncaught PHP Exception Symfony\Component\Debug\Exception\ClassNotFoundException: "Attempted to load class "CacheStorage" from namespace "GuzzleHttp\Subscriber\Cache". Did you forget a "use" statement for another namespace?" at /var/www/html/prestashop/modules/psaddonsconnect/src/WeekAdvice.php line 68 {"exception":"[object] (Symfony\\Component\\Debug\\Exception\\ClassNotFoundException(code: 0): Attempted to load class \"CacheStorage\" from namespace \"GuzzleHttp\\Subscriber\\Cache\".\nDid you forget a \"use\" statement for another namespace? at /var/www/html/prestashop/modules/psaddonsconnect/src/WeekAdvice.php:68)"} []
[2020-10-27 19:02:30] request.CRITICAL: Uncaught PHP Exception Symfony\Component\Debug\Exception\ClassNotFoundException: "Attempted to load class "CacheStorage" from namespace "GuzzleHttp\Subscriber\Cache". Did you forget a "use" statement for another namespace?" at /var/www/html/prestashop/modules/psaddonsconnect/src/WeekAdvice.php line 68 {"exception":"[object] (Symfony\\Component\\Debug\\Exception\\ClassNotFoundException(code: 0): Attempted to load class \"CacheStorage\" from namespace \"GuzzleHttp\\Subscriber\\Cache\".\nDid you forget a \"use\" statement for another namespace? at /var/www/html/prestashop/modules/psaddonsconnect/src/WeekAdvice.php:68)"} []
[2020-10-27 19:02:31] request.CRITICAL: Uncaught PHP Exception Symfony\Component\Debug\Exception\ClassNotFoundException: "Attempted to load class "CacheStorage" from namespace "GuzzleHttp\Subscriber\Cache". Did you forget a "use" statement for another namespace?" at /var/www/html/prestashop/modules/psaddonsconnect/src/WeekAdvice.php line 68 {"exception":"[object] (Symfony\\Component\\Debug\\Exception\\ClassNotFoundException(code: 0): Attempted to load class \"CacheStorage\" from namespace \"GuzzleHttp\\Subscriber\\Cache\".\nDid you forget a \"use\" statement for another namespace? at /var/www/html/prestashop/modules/psaddonsconnect/src/WeekAdvice.php:68)"} []
[2020-10-27 19:02:36] request.CRITICAL: Uncaught PHP Exception Symfony\Component\Debug\Exception\ClassNotFoundException: "Attempted to load class "CacheStorage" from namespace "GuzzleHttp\Subscriber\Cache". Did you forget a "use" statement for another namespace?" at /var/www/html/prestashop/modules/psaddonsconnect/src/WeekAdvice.php line 68 {"exception":"[object] (Symfony\\Component\\Debug\\Exception\\ClassNotFoundException(code: 0): Attempted to load class \"CacheStorage\" from namespace \"GuzzleHttp\\Subscriber\\Cache\".\nDid you forget a \"use\" statement for another namespace? at /var/www/html/prestashop/modules/psaddonsconnect/src/WeekAdvice.php:68)"} []
[2020-10-27 19:02:42] request.CRITICAL: Uncaught PHP Exception Symfony\Component\Debug\Exception\ClassNotFoundException: "Attempted to load class "CacheStorage" from namespace "GuzzleHttp\Subscriber\Cache". Did you forget a "use" statement for another namespace?" at /var/www/html/prestashop/modules/psaddonsconnect/src/WeekAdvice.php line 68 {"exception":"[object] (Symfony\\Component\\Debug\\Exception\\ClassNotFoundException(code: 0): Attempted to load class \"CacheStorage\" from namespace \"GuzzleHttp\\Subscriber\\Cache\".\nDid you forget a \"use\" statement for another namespace? at /var/www/html/prestashop/modules/psaddonsconnect/src/WeekAdvice.php:68)"} []
[2020-10-27 19:02:56] request.CRITICAL: Uncaught PHP Exception Symfony\Component\Debug\Exception\ClassNotFoundException: "Attempted to load class "CacheStorage" from namespace "GuzzleHttp\Subscriber\Cache". Did you forget a "use" statement for another namespace?" at /var/www/html/prestashop/modules/psaddonsconnect/src/WeekAdvice.php line 68 {"exception":"[object] (Symfony\\Component\\Debug\\Exception\\ClassNotFoundException(code: 0): Attempted to load class \"CacheStorage\" from namespace \"GuzzleHttp\\Subscriber\\Cache\".\nDid you forget a \"use\" statement for another namespace? at /var/www/html/prestashop/modules/psaddonsconnect/src/WeekAdvice.php:68)"} []
[2020-10-27 19:03:32] request.CRITICAL: Uncaught PHP Exception Symfony\Component\Debug\Exception\ClassNotFoundException: "Attempted to load class "CacheStorage" from namespace "GuzzleHttp\Subscriber\Cache". Did you forget a "use" statement for another namespace?" at /var/www/html/prestashop/modules/psaddonsconnect/src/WeekAdvice.php line 68 {"exception":"[object] (Symfony\\Component\\Debug\\Exception\\ClassNotFoundException(code: 0): Attempted to load class \"CacheStorage\" from namespace \"GuzzleHttp\\Subscriber\\Cache\".\nDid you forget a \"use\" statement for another namespace? at /var/www/html/prestashop/modules/psaddonsconnect/src/WeekAdvice.php:68)"} []
[2020-10-27 19:03:34] request.CRITICAL: Uncaught PHP Exception Symfony\Component\Debug\Exception\ClassNotFoundException: "Attempted to load class "CacheStorage" from namespace "GuzzleHttp\Subscriber\Cache". Did you forget a "use" statement for another namespace?" at /var/www/html/prestashop/modules/psaddonsconnect/src/WeekAdvice.php line 68 {"exception":"[object] (Symfony\\Component\\Debug\\Exception\\ClassNotFoundException(code: 0): Attempted to load class \"CacheStorage\" from namespace \"GuzzleHttp\\Subscriber\\Cache\".\nDid you forget a \"use\" statement for another namespace? at /var/www/html/prestashop/modules/psaddonsconnect/src/WeekAdvice.php:68)"} []
[2020-10-27 19:03:35] request.CRITICAL: Uncaught PHP Exception Symfony\Component\Debug\Exception\ClassNotFoundException: "Attempted to load class "CacheStorage" from namespace "GuzzleHttp\Subscriber\Cache". Did you forget a "use" statement for another namespace?" at /var/www/html/prestashop/modules/psaddonsconnect/src/WeekAdvice.php line 68 {"exception":"[object] (Symfony\\Component\\Debug\\Exception\\ClassNotFoundException(code: 0): Attempted to load class \"CacheStorage\" from namespace \"GuzzleHttp\\Subscriber\\Cache\".\nDid you forget a \"use\" statement for another namespace? at /var/www/html/prestashop/modules/psaddonsconnect/src/WeekAdvice.php:68)"} []
[2020-10-27 19:03:54] request.CRITICAL: Uncaught PHP Exception Symfony\Component\Debug\Exception\ClassNotFoundException: "Attempted to load class "CacheStorage" from namespace "GuzzleHttp\Subscriber\Cache". Did you forget a "use" statement for another namespace?" at /var/www/html/prestashop/modules/psaddonsconnect/src/WeekAdvice.php line 68 {"exception":"[object] (Symfony\\Component\\Debug\\Exception\\ClassNotFoundException(code: 0): Attempted to load class \"CacheStorage\" from namespace \"GuzzleHttp\\Subscriber\\Cache\".\nDid you forget a \"use\" statement for another namespace? at /var/www/html/prestashop/modules/psaddonsconnect/src/WeekAdvice.php:68)"} []
[2020-10-27 19:04:10] request.CRITICAL: Uncaught PHP Exception Symfony\Component\Debug\Exception\ClassNotFoundException: "Attempted to load class "CacheStorage" from namespace "GuzzleHttp\Subscriber\Cache". Did you forget a "use" statement for another namespace?" at /var/www/html/prestashop/modules/psaddonsconnect/src/WeekAdvice.php line 68 {"exception":"[object] (Symfony\\Component\\Debug\\Exception\\ClassNotFoundException(code: 0): Attempted to load class \"CacheStorage\" from namespace \"GuzzleHttp\\Subscriber\\Cache\".\nDid you forget a \"use\" statement for another namespace? at /var/www/html/prestashop/modules/psaddonsconnect/src/WeekAdvice.php:68)"} []
